#
# There is insufficient memory for the Java Runtime Environment to continue.
# Native memory allocation (mmap) failed to map 266338304 bytes for G1 virtual space
# Possible reasons:
#   The system is out of physical RAM or swap space
#   The process is running with CompressedOops enabled, and the Java Heap may be blocking the growth of the native heap
# Possible solutions:
#   Reduce memory load on the system
#   Increase physical memory or swap space
#   Check if swap backing store is full
#   Decrease Java heap size (-Xmx/-Xms)
#   Decrease number of Java threads
#   Decrease Java thread stack sizes (-Xss)
#   Set larger code cache with -XX:ReservedCodeCacheSize=
#   JVM is running with Zero Based Compressed Oops mode in which the Java heap is
#     placed in the first 32GB address space. The Java Heap base address is the
#     maximum limit for the native heap growth. Please use -XX:HeapBaseMinAddress
#     to set the Java Heap base and to place the Java Heap above 32GB virtual address.
# This output file may be truncated or incomplete.
#
#  Out of Memory Error (os_windows.cpp:3613), pid=13636, tid=6708
#
# JRE version:  (17.0.10+7) (build )
# Java VM: OpenJDK 64-Bit Server VM (17.0.10+7, mixed mode, sharing, tiered, compressed oops, compressed class ptrs, g1 gc, windows-amd64)
# No core dump will be written. Minidumps are not enabled by default on client versions of Windows
#

---------------  S U M M A R Y ------------

Command Line: -XX:+ShowCodeDetailsInExceptionMessages com.skillstorm.GroceryGrabberApplication

Host: 12th Gen Intel(R) Core(TM) i7-1255U, 12 cores, 15G,  Windows 11 , 64 bit Build 22621 (10.0.22621.3085)
Time: Thu Feb 22 16:48:45 2024 Central Standard Time elapsed time: 0.015217 seconds (0d 0h 0m 0s)

---------------  T H R E A D  ---------------

Current thread (0x00000202889822f0):  JavaThread "Unknown thread" [_thread_in_vm, id=6708, stack(0x000000520c600000,0x000000520c700000)]

Stack: [0x000000520c600000,0x000000520c700000]
Native frames: (J=compiled Java code, j=interpreted, Vv=VM code, C=native code)
V  [jvm.dll+0x67d2c9]
V  [jvm.dll+0x834afa]
V  [jvm.dll+0x8365be]
V  [jvm.dll+0x836c23]
V  [jvm.dll+0x2477ff]
V  [jvm.dll+0x67a109]
V  [jvm.dll+0x66eb7a]
V  [jvm.dll+0x30764b]
V  [jvm.dll+0x30eaf6]
V  [jvm.dll+0x35e83e]
V  [jvm.dll+0x35ea6f]
V  [jvm.dll+0x2de248]
V  [jvm.dll+0x2df1b4]
V  [jvm.dll+0x806361]
V  [jvm.dll+0x36c6f1]
V  [jvm.dll+0x7e4e06]
V  [jvm.dll+0x3eff3f]
V  [jvm.dll+0x3f1b71]
C  [jli.dll+0x528f]
C  [ucrtbase.dll+0x29363]
C  [KERNEL32.DLL+0x1257d]
C  [ntdll.dll+0x5aa58]


---------------  P R O C E S S  ---------------

Threads class SMR info:
_java_thread_list=0x00007ff95299ee98, length=0, elements={
}

Java Threads: ( => current thread )

Other Threads:
  0x00000202889fe2b0 GCTaskThread "GC Thread#0" [stack: 0x000000520c700000,0x000000520c800000] [id=13660]
  0x0000020288a0ef50 ConcurrentGCThread "G1 Main Marker" [stack: 0x000000520c800000,0x000000520c900000] [id=10924]
  0x0000020288a0f970 ConcurrentGCThread "G1 Conc#0" [stack: 0x000000520c900000,0x000000520ca00000] [id=18272]

[error occurred during error reporting (printing all threads), id 0xc0000005, EXCEPTION_ACCESS_VIOLATION (0xc0000005) at pc=0x00007ff95215ec87]

VM state: not at safepoint (not fully initialized)

VM Mutex/Monitor currently owned by a thread:  ([mutex/lock_event])
[0x000002028897dcc0] Heap_lock - owner thread: 0x00000202889822f0

Heap address: 0x0000000702a00000, size: 4054 MB, Compressed Oops mode: Zero based, Oop shift amount: 3

CDS archive(s) mapped at: [0x0000000000000000-0x0000000000000000-0x0000000000000000), size 0, SharedBaseAddress: 0x0000000800000000, ArchiveRelocationMode: 1.
Narrow klass base: 0x0000000000000000, Narrow klass shift: 0, Narrow klass range: 0x0

GC Precious Log:
<Empty>

Heap:
 garbage-first heap   total 0K, used 0K [0x0000000702a00000, 0x0000000800000000)
  region size 2048K, 0 young (0K), 0 survivors (0K)

[error occurred during error reporting (printing heap information), id 0xc0000005, EXCEPTION_ACCESS_VIOLATION (0xc0000005) at pc=0x00007ff952546fb9]

GC Heap History (0 events):
No events

Dll operation events (1 events):
Event: 0.007 Loaded shared library C:\Users\parks\.vscode\extensions\redhat.java-1.28.1-win32-x64\jre\17.0.10-win32-x86_64\bin\java.dll

Deoptimization events (0 events):
No events

Classes unloaded (0 events):
No events

Classes redefined (0 events):
No events

Internal exceptions (0 events):
No events

VM Operations (0 events):
No events

Events (0 events):
No events


Dynamic libraries:
0x00007ff7434f0000 - 0x00007ff7434fe000 	C:\Users\parks\.vscode\extensions\redhat.java-1.28.1-win32-x64\jre\17.0.10-win32-x86_64\bin\java.exe
0x00007ff9bb1d0000 - 0x00007ff9bb3e7000 	C:\Windows\SYSTEM32\ntdll.dll
0x00007ff9ba5f0000 - 0x00007ff9ba6b4000 	C:\Windows\System32\KERNEL32.DLL
0x00007ff9b8780000 - 0x00007ff9b8b26000 	C:\Windows\System32\KERNELBASE.dll
0x00007ff9b8660000 - 0x00007ff9b8771000 	C:\Windows\System32\ucrtbase.dll
0x00007ff9a6b00000 - 0x00007ff9a6b17000 	C:\Users\parks\.vscode\extensions\redhat.java-1.28.1-win32-x64\jre\17.0.10-win32-x86_64\bin\jli.dll
0x00007ff9b9100000 - 0x00007ff9b92ae000 	C:\Windows\System32\USER32.dll
0x00007ff9b8c60000 - 0x00007ff9b8c86000 	C:\Windows\System32\win32u.dll
0x00007ff9bb160000 - 0x00007ff9bb189000 	C:\Windows\System32\GDI32.dll
0x00007ff9b8e00000 - 0x00007ff9b8f18000 	C:\Windows\System32\gdi32full.dll
0x00007ff9b8590000 - 0x00007ff9b862a000 	C:\Windows\System32\msvcp_win.dll
0x00007ff992ef0000 - 0x00007ff992f0b000 	C:\Users\parks\.vscode\extensions\redhat.java-1.28.1-win32-x64\jre\17.0.10-win32-x86_64\bin\VCRUNTIME140.dll
0x00007ff9a9ac0000 - 0x00007ff9a9d53000 	C:\Windows\WinSxS\amd64_microsoft.windows.common-controls_6595b64144ccf1df_6.0.22621.2506_none_270c5ae97388e100\COMCTL32.dll
0x00007ff9babd0000 - 0x00007ff9bac77000 	C:\Windows\System32\msvcrt.dll
0x00007ff9ba6c0000 - 0x00007ff9ba6f1000 	C:\Windows\System32\IMM32.DLL
0x00007ff9aba90000 - 0x00007ff9aba9c000 	C:\Users\parks\.vscode\extensions\redhat.java-1.28.1-win32-x64\jre\17.0.10-win32-x86_64\bin\vcruntime140_1.dll
0x00007ff98b890000 - 0x00007ff98b91d000 	C:\Users\parks\.vscode\extensions\redhat.java-1.28.1-win32-x64\jre\17.0.10-win32-x86_64\bin\msvcp140.dll
0x00007ff951e70000 - 0x00007ff952ad2000 	C:\Users\parks\.vscode\extensions\redhat.java-1.28.1-win32-x64\jre\17.0.10-win32-x86_64\bin\server\jvm.dll
0x00007ff9bab10000 - 0x00007ff9babc3000 	C:\Windows\System32\ADVAPI32.dll
0x00007ff9baa60000 - 0x00007ff9bab08000 	C:\Windows\System32\sechost.dll
0x00007ff9b8630000 - 0x00007ff9b8658000 	C:\Windows\System32\bcrypt.dll
0x00007ff9ba4a0000 - 0x00007ff9ba5b7000 	C:\Windows\System32\RPCRT4.dll
0x00007ff9b7360000 - 0x00007ff9b73ad000 	C:\Windows\SYSTEM32\POWRPROF.dll
0x00007ff9b1270000 - 0x00007ff9b12a4000 	C:\Windows\SYSTEM32\WINMM.dll
0x00007ff9a7670000 - 0x00007ff9a7679000 	C:\Windows\SYSTEM32\WSOCK32.dll
0x00007ff9ad8a0000 - 0x00007ff9ad8aa000 	C:\Windows\SYSTEM32\VERSION.dll
0x00007ff9b9800000 - 0x00007ff9b9871000 	C:\Windows\System32\WS2_32.dll
0x00007ff9b7340000 - 0x00007ff9b7353000 	C:\Windows\SYSTEM32\UMPDC.dll
0x00007ff9b7600000 - 0x00007ff9b7618000 	C:\Windows\SYSTEM32\kernel.appcore.dll
0x00007ff9a7b00000 - 0x00007ff9a7b0a000 	C:\Users\parks\.vscode\extensions\redhat.java-1.28.1-win32-x64\jre\17.0.10-win32-x86_64\bin\jimage.dll
0x00007ff9af880000 - 0x00007ff9afab3000 	C:\Windows\SYSTEM32\DBGHELP.DLL
0x00007ff9b92d0000 - 0x00007ff9b9659000 	C:\Windows\System32\combase.dll
0x00007ff9ba800000 - 0x00007ff9ba8d7000 	C:\Windows\System32\OLEAUT32.dll
0x00007ff9adb20000 - 0x00007ff9adb52000 	C:\Windows\SYSTEM32\dbgcore.DLL
0x00007ff9b8510000 - 0x00007ff9b858a000 	C:\Windows\System32\bcryptPrimitives.dll
0x00007ff97ca30000 - 0x00007ff97ca55000 	C:\Users\parks\.vscode\extensions\redhat.java-1.28.1-win32-x64\jre\17.0.10-win32-x86_64\bin\java.dll

dbghelp: loaded successfully - version: 4.0.5 - missing functions: none
symbol engine: initialized successfully - sym options: 0x614 - pdb path: .;C:\Users\parks\.vscode\extensions\redhat.java-1.28.1-win32-x64\jre\17.0.10-win32-x86_64\bin;C:\Windows\SYSTEM32;C:\Windows\WinSxS\amd64_microsoft.windows.common-controls_6595b64144ccf1df_6.0.22621.2506_none_270c5ae97388e100;C:\Users\parks\.vscode\extensions\redhat.java-1.28.1-win32-x64\jre\17.0.10-win32-x86_64\bin\server

VM Arguments:
jvm_args: -XX:+ShowCodeDetailsInExceptionMessages 
java_command: com.skillstorm.GroceryGrabberApplication
java_class_path (initial): C:\Users\parks\desktop\Git Clones\skillstorm\assignments\Week14\grocery-grabber\target\classes;C:\Users\parks\.m2\repository\org\springframework\boot\spring-boot-starter-data-jpa\3.2.3\spring-boot-starter-data-jpa-3.2.3.jar;C:\Users\parks\.m2\repository\org\springframework\boot\spring-boot-starter-aop\3.2.3\spring-boot-starter-aop-3.2.3.jar;C:\Users\parks\.m2\repository\org\springframework\spring-aop\6.1.4\spring-aop-6.1.4.jar;C:\Users\parks\.m2\repository\org\aspectj\aspectjweaver\1.9.21\aspectjweaver-1.9.21.jar;C:\Users\parks\.m2\repository\org\springframework\boot\spring-boot-starter-jdbc\3.2.3\spring-boot-starter-jdbc-3.2.3.jar;C:\Users\parks\.m2\repository\com\zaxxer\HikariCP\5.0.1\HikariCP-5.0.1.jar;C:\Users\parks\.m2\repository\org\springframework\spring-jdbc\6.1.4\spring-jdbc-6.1.4.jar;C:\Users\parks\.m2\repository\org\hibernate\orm\hibernate-core\6.4.4.Final\hibernate-core-6.4.4.Final.jar;C:\Users\parks\.m2\repository\jakarta\persistence\jakarta.persistence-api\3.1.0\jakarta.persistence-api-3.1.0.jar;C:\Users\parks\.m2\repository\jakarta\transaction\jakarta.transaction-api\2.0.1\jakarta.transaction-api-2.0.1.jar;C:\Users\parks\.m2\repository\org\jboss\logging\jboss-logging\3.5.3.Final\jboss-logging-3.5.3.Final.jar;C:\Users\parks\.m2\repository\org\hibernate\common\hibernate-commons-annotations\6.0.6.Final\hibernate-commons-annotations-6.0.6.Final.jar;C:\Users\parks\.m2\repository\io\smallrye\jandex\3.1.2\jandex-3.1.2.jar;C:\Users\parks\.m2\repository\com\fasterxml\classmate\1.6.0\classmate-1.6.0.jar;C:\Users\parks\.m2\repository\net\bytebuddy\byte-buddy\1.14.12\byte-buddy-1.14.12.jar;C:\Users\parks\.m2\repository\org\glassfish\jaxb\jaxb-runtime\4.0.4\jaxb-runtime-4.0.4.jar;C:\Users\parks\.m2\repository\org\glassfish\jaxb\jaxb-core\4.0.4\jaxb-core-4.0.4.jar;C:\Users\parks\.m2\repository\org\eclipse\angus\angus-activation\2.0.1\angus-activation-2.0.1.jar;C:\Users\parks\.m2\repository\org\glassfish\jaxb\txw2\4.0.4\txw2-4.0.4.jar;C:
Launcher Type: SUN_STANDARD

[Global flags]
     intx CICompilerCount                          = 4                                         {product} {ergonomic}
     uint ConcGCThreads                            = 3                                         {product} {ergonomic}
     uint G1ConcRefinementThreads                  = 10                                        {product} {ergonomic}
   size_t G1HeapRegionSize                         = 2097152                                   {product} {ergonomic}
    uintx GCDrainStackTargetSize                   = 64                                        {product} {ergonomic}
   size_t InitialHeapSize                          = 266338304                                 {product} {ergonomic}
   size_t MarkStackSize                            = 4194304                                   {product} {ergonomic}
   size_t MaxHeapSize                              = 4250927104                                {product} {ergonomic}
   size_t MinHeapDeltaBytes                        = 2097152                                   {product} {ergonomic}
   size_t MinHeapSize                              = 8388608                                   {product} {ergonomic}
    uintx NonNMethodCodeHeapSize                   = 5839372                                {pd product} {ergonomic}
    uintx NonProfiledCodeHeapSize                  = 122909434                              {pd product} {ergonomic}
    uintx ProfiledCodeHeapSize                     = 122909434                              {pd product} {ergonomic}
    uintx ReservedCodeCacheSize                    = 251658240                              {pd product} {ergonomic}
     bool SegmentedCodeCache                       = true                                      {product} {ergonomic}
     bool ShowCodeDetailsInExceptionMessages       = true                                   {manageable} {command line}
   size_t SoftMaxHeapSize                          = 4250927104                             {manageable} {ergonomic}
     bool UseCompressedClassPointers               = true                           {product lp64_product} {ergonomic}
     bool UseCompressedOops                        = true                           {product lp64_product} {ergonomic}
     bool UseG1GC                                  = true                                      {product} {ergonomic}
     bool UseLargePagesIndividualAllocation        = false                                  {pd product} {ergonomic}

Logging:
Log output configuration:
 #0: stdout all=warning uptime,level,tags
 #1: stderr all=off uptime,level,tags

Environment Variables:
PATH=C:\Users\parks\bin;C:\Program Files\Git\mingw64\bin;C:\Program Files\Git\usr\local\bin;C:\Program Files\Git\usr\bin;C:\Program Files\Git\usr\bin;C:\Program Files\Git\mingw64\bin;C:\Program Files\Git\usr\bin;C:\Users\parks\bin;C:\Program Files\Java\jdk-1.8\bin;C:\Program Files\Common Files\Oracle\Java\javapath;C:\Program Files (x86)\Common Files\Oracle\Java\javapath;C:\Windows\system32;C:\Windows;C:\Windows\System32\Wbem;C:\Windows\System32\WindowsPowerShell\v1.0;C:\Windows\System32\OpenSSH;C:\Program Files\Git\cmd;C:\Program Files\nodejs;C:\Users\parks\AppData\Roaming\npm;C:\Program Files\Java\jdk-1.8\bin;C:\Users\parks\AppData\Local\Programs\Microsoft VS Code\bin;C:\Program Files\Git\usr\bin\vendor_perl;C:\Program Files\Git\usr\bin\core_perl
USERNAME=parks
SHELL=C:\Program Files\Git\usr\bin\bash.exe
DISPLAY=needs-to-be-defined
LANG=en_US.UTF-8
LC_CTYPE=en_US.UTF-8
TERM=xterm
TMPDIR=C:\Users\parks\AppData\Local\Temp
OS=Windows_NT
PROCESSOR_IDENTIFIER=Intel64 Family 6 Model 154 Stepping 4, GenuineIntel
TMP=C:\Users\parks\AppData\Local\Temp
TEMP=C:\Users\parks\AppData\Local\Temp



Periodic native trim disabled


---------------  S Y S T E M  ---------------

OS:
 Windows 11 , 64 bit Build 22621 (10.0.22621.3085)
OS uptime: 7 days 21:38 hours
Hyper-V role detected

CPU: total 12 (initial active 12) (6 cores per cpu, 2 threads per core) family 6 model 154 stepping 4 microcode 0x429, cx8, cmov, fxsr, ht, mmx, 3dnowpref, sse, sse2, sse3, ssse3, sse4.1, sse4.2, popcnt, lzcnt, tsc, tscinvbit, avx, avx2, aes, erms, clmul, bmi1, bmi2, adx, sha, fma, vzeroupper, clflush, clflushopt, clwb, hv
Processor Information for processor 0
  Max Mhz: 2600, Current Mhz: 1733, Mhz Limit: 1716
Processor Information for processor 1
  Max Mhz: 2600, Current Mhz: 1733, Mhz Limit: 1716
Processor Information for processor 2
  Max Mhz: 2600, Current Mhz: 1733, Mhz Limit: 1716
Processor Information for processor 3
  Max Mhz: 2600, Current Mhz: 1733, Mhz Limit: 1716
Processor Information for processor 4
  Max Mhz: 2600, Current Mhz: 1200, Mhz Limit: 1196
Processor Information for processor 5
  Max Mhz: 2600, Current Mhz: 1200, Mhz Limit: 1196
Processor Information for processor 6
  Max Mhz: 2600, Current Mhz: 1200, Mhz Limit: 1196
Processor Information for processor 7
  Max Mhz: 2600, Current Mhz: 1200, Mhz Limit: 1196
Processor Information for processor 8
  Max Mhz: 2600, Current Mhz: 1200, Mhz Limit: 1196
Processor Information for processor 9
  Max Mhz: 2600, Current Mhz: 1200, Mhz Limit: 1196
Processor Information for processor 10
  Max Mhz: 2600, Current Mhz: 1200, Mhz Limit: 1196
Processor Information for processor 11
  Max Mhz: 2600, Current Mhz: 1200, Mhz Limit: 1196

Memory: 4k page, system-wide physical 16208M (4702M free)
TotalPageFile size 46435M (AvailPageFile size 232M)
current process WorkingSet (physical memory assigned to process): 12M, peak: 12M
current process commit charge ("private bytes"): 64M, peak: 318M

vm_info: OpenJDK 64-Bit Server VM (17.0.10+7) for windows-amd64 JRE (17.0.10+7), built on Jan 16 2024 23:25:11 by "admin" with MS VC++ 16.10 / 16.11 (VS2019)

END.
